This is pdfTeX, Version 3.14159265-2.6-1.40.18 (MiKTeX 2.9.6500 64-bit) (preloaded format=pdflatex 2018.1.3)  30 JAN 2018 11:25
entering extended mode
**./Unit-II.tex
(Unit-II.tex
LaTeX2e <2017-04-15>
Babel <3.15> and hyphenation patterns for 75 language(s) loaded.

("C:\Users\Harish D Gadade\AppData\Roaming\MiKTeX\2.9\tex\latex\beamer\beamer.c
ls"
Document Class: beamer 2017/12/16 v3.47 A class for typesetting presentations

("C:\Users\Harish D Gadade\AppData\Roaming\MiKTeX\2.9\tex\latex\beamer\beamerba
semodes.sty"
("C:\Users\Harish D Gadade\AppData\Roaming\MiKTeX\2.9\tex\latex\etoolbox\etoolb
ox.sty"
Package: etoolbox 2017/11/22 v2.5 e-TeX tools for LaTeX (JAW)
\etb@tempcnta=\count79
)
\beamer@tempbox=\box26
\beamer@tempcount=\count80
\c@beamerpauses=\count81

("C:\Users\Harish D Gadade\AppData\Roaming\MiKTeX\2.9\tex\latex\beamer\beamerba
sedecode.sty"
\beamer@slideinframe=\count82
\beamer@minimum=\count83
)
\beamer@commentbox=\box27
\beamer@modecount=\count84
) ("C:\Program Files\MiKTeX 2.9\tex\generic\oberdiek\ifpdf.sty"
Package: ifpdf 2017/03/15 v3.2 Provides the ifpdf switch
)
\headdp=\dimen102
\footheight=\dimen103
\sidebarheight=\dimen104
\beamer@tempdim=\dimen105
\beamer@finalheight=\dimen106
\beamer@animht=\dimen107
\beamer@animdp=\dimen108
\beamer@animwd=\dimen109
\beamer@leftmargin=\dimen110
\beamer@rightmargin=\dimen111
\beamer@leftsidebar=\dimen112
\beamer@rightsidebar=\dimen113
\beamer@boxsize=\dimen114
\beamer@vboxoffset=\dimen115
\beamer@descdefault=\dimen116
\beamer@descriptionwidth=\dimen117
\beamer@lastskip=\skip41
\beamer@areabox=\box28
\beamer@animcurrent=\box29
\beamer@animshowbox=\box30
\beamer@sectionbox=\box31
\beamer@logobox=\box32
\beamer@linebox=\box33
\beamer@sectioncount=\count85
\beamer@subsubsectionmax=\count86
\beamer@subsectionmax=\count87
\beamer@sectionmax=\count88
\beamer@totalheads=\count89
\beamer@headcounter=\count90
\beamer@partstartpage=\count91
\beamer@sectionstartpage=\count92
\beamer@subsectionstartpage=\count93
\beamer@animationtempa=\count94
\beamer@animationtempb=\count95
\beamer@xpos=\count96
\beamer@ypos=\count97
\beamer@ypos@offset=\count98
\beamer@showpartnumber=\count99
\beamer@currentsubsection=\count100
\beamer@coveringdepth=\count101
\beamer@sectionadjust=\count102
\beamer@tocsectionnumber=\count103

("C:\Users\Harish D Gadade\AppData\Roaming\MiKTeX\2.9\tex\latex\beamer\beamerba
seoptions.sty" ("C:\Program Files\MiKTeX 2.9\tex\latex\graphics\keyval.sty"
Package: keyval 2014/10/28 v1.15 key=value parser (DPC)
\KV@toks@=\toks14
))
\beamer@paperwidth=\skip42
\beamer@paperheight=\skip43

("C:\Program Files\MiKTeX 2.9\tex\latex\geometry\geometry.sty"
Package: geometry 2010/09/12 v5.6 Page Geometry

("C:\Program Files\MiKTeX 2.9\tex\generic\oberdiek\ifvtex.sty"
Package: ifvtex 2016/05/16 v1.6 Detect VTeX and its facilities (HO)
Package ifvtex Info: VTeX not detected.
)
("C:\Program Files\MiKTeX 2.9\tex\generic\ifxetex\ifxetex.sty"
Package: ifxetex 2010/09/12 v0.6 Provides ifxetex conditional
)
\Gm@cnth=\count104
\Gm@cntv=\count105
\c@Gm@tempcnt=\count106
\Gm@bindingoffset=\dimen118
\Gm@wd@mp=\dimen119
\Gm@odd@mp=\dimen120
\Gm@even@mp=\dimen121
\Gm@layoutwidth=\dimen122
\Gm@layoutheight=\dimen123
\Gm@layouthoffset=\dimen124
\Gm@layoutvoffset=\dimen125
\Gm@dimlist=\toks15

("C:\Program Files\MiKTeX 2.9\tex\latex\geometry\geometry.cfg"))
("C:\Program Files\MiKTeX 2.9\tex\latex\base\size11.clo"
File: size11.clo 2014/09/29 v1.4h Standard LaTeX file (size option)
)
("C:\Users\Harish D Gadade\AppData\Roaming\MiKTeX\2.9\tex\latex\pgf\basiclayer\
pgfcore.sty" ("C:\Program Files\MiKTeX 2.9\tex\latex\graphics\graphicx.sty"
Package: graphicx 2017/06/01 v1.1a Enhanced LaTeX Graphics (DPC,SPQR)

("C:\Program Files\MiKTeX 2.9\tex\latex\graphics\graphics.sty"
Package: graphics 2017/06/25 v1.2c Standard LaTeX Graphics (DPC,SPQR)

("C:\Program Files\MiKTeX 2.9\tex\latex\graphics\trig.sty"
Package: trig 2016/01/03 v1.10 sin cos tan (DPC)
)
("C:\Program Files\MiKTeX 2.9\tex\latex\graphics-cfg\graphics.cfg"
File: graphics.cfg 2016/06/04 v1.11 sample graphics configuration
)
Package graphics Info: Driver file: pdftex.def on input line 99.

("C:\Program Files\MiKTeX 2.9\tex\latex\graphics-def\pdftex.def"
File: pdftex.def 2017/06/24 v1.0g Graphics/color driver for pdftex
))
\Gin@req@height=\dimen126
\Gin@req@width=\dimen127
)
("C:\Users\Harish D Gadade\AppData\Roaming\MiKTeX\2.9\tex\latex\pgf\systemlayer
\pgfsys.sty"
("C:\Users\Harish D Gadade\AppData\Roaming\MiKTeX\2.9\tex\latex\pgf\utilities\p
gfrcs.sty"
("C:\Users\Harish D Gadade\AppData\Roaming\MiKTeX\2.9\tex\generic\pgf\utilities
\pgfutil-common.tex"
\pgfutil@everybye=\toks16
\pgfutil@tempdima=\dimen128
\pgfutil@tempdimb=\dimen129

("C:\Users\Harish D Gadade\AppData\Roaming\MiKTeX\2.9\tex\generic\pgf\utilities
\pgfutil-common-lists.tex"))
("C:\Users\Harish D Gadade\AppData\Roaming\MiKTeX\2.9\tex\generic\pgf\utilities
\pgfutil-latex.def"
\pgfutil@abb=\box34

("C:\Users\Harish D Gadade\AppData\Roaming\MiKTeX\2.9\tex\latex\ms\everyshi.sty
"
Package: everyshi 2001/05/15 v3.00 EveryShipout Package (MS)
))
("C:\Users\Harish D Gadade\AppData\Roaming\MiKTeX\2.9\tex\generic\pgf\utilities
\pgfrcs.code.tex"
Package: pgfrcs 2015/08/07 v3.0.1a (rcs-revision 1.31)
))
("C:\Users\Harish D Gadade\AppData\Roaming\MiKTeX\2.9\tex\generic\pgf\systemlay
er\pgfsys.code.tex"
Package: pgfsys 2014/07/09 v3.0.1a (rcs-revision 1.48)

("C:\Users\Harish D Gadade\AppData\Roaming\MiKTeX\2.9\tex\generic\pgf\utilities
\pgfkeys.code.tex"
\pgfkeys@pathtoks=\toks17
\pgfkeys@temptoks=\toks18

("C:\Users\Harish D Gadade\AppData\Roaming\MiKTeX\2.9\tex\generic\pgf\utilities
\pgfkeysfiltered.code.tex"
\pgfkeys@tmptoks=\toks19
))
\pgf@x=\dimen130
\pgf@y=\dimen131
\pgf@xa=\dimen132
\pgf@ya=\dimen133
\pgf@xb=\dimen134
\pgf@yb=\dimen135
\pgf@xc=\dimen136
\pgf@yc=\dimen137
\w@pgf@writea=\write3
\r@pgf@reada=\read1
\c@pgf@counta=\count107
\c@pgf@countb=\count108
\c@pgf@countc=\count109
\c@pgf@countd=\count110
\t@pgf@toka=\toks20
\t@pgf@tokb=\toks21
\t@pgf@tokc=\toks22

("C:\Users\Harish D Gadade\AppData\Roaming\MiKTeX\2.9\tex\generic\pgf\systemlay
er\pgf.cfg"
File: pgf.cfg 2008/05/14  (rcs-revision 1.7)
)
Driver file for pgf: pgfsys-pdftex.def

("C:\Users\Harish D Gadade\AppData\Roaming\MiKTeX\2.9\tex\generic\pgf\systemlay
er\pgfsys-pdftex.def"
File: pgfsys-pdftex.def 2014/10/11  (rcs-revision 1.35)

("C:\Users\Harish D Gadade\AppData\Roaming\MiKTeX\2.9\tex\generic\pgf\systemlay
er\pgfsys-common-pdf.def"
File: pgfsys-common-pdf.def 2013/10/10  (rcs-revision 1.13)
)))
("C:\Users\Harish D Gadade\AppData\Roaming\MiKTeX\2.9\tex\generic\pgf\systemlay
er\pgfsyssoftpath.code.tex"
File: pgfsyssoftpath.code.tex 2013/09/09  (rcs-revision 1.9)
\pgfsyssoftpath@smallbuffer@items=\count111
\pgfsyssoftpath@bigbuffer@items=\count112
)
("C:\Users\Harish D Gadade\AppData\Roaming\MiKTeX\2.9\tex\generic\pgf\systemlay
er\pgfsysprotocol.code.tex"
File: pgfsysprotocol.code.tex 2006/10/16  (rcs-revision 1.4)
))
("C:\Users\Harish D Gadade\AppData\Roaming\MiKTeX\2.9\tex\latex\xcolor\xcolor.s
ty"
Package: xcolor 2016/05/11 v2.12 LaTeX color extensions (UK)
 ("C:\Program Files\MiKTeX 2.9\tex\latex\graphics-cfg\color.cfg"
File: color.cfg 2016/01/02 v1.6 sample color configuration
)
Package xcolor Info: Driver file: pdftex.def on input line 225.
Package xcolor Info: Model `cmy' substituted by `cmy0' on input line 1348.
Package xcolor Info: Model `hsb' substituted by `rgb' on input line 1352.
Package xcolor Info: Model `RGB' extended on input line 1364.
Package xcolor Info: Model `HTML' substituted by `rgb' on input line 1366.
Package xcolor Info: Model `Hsb' substituted by `hsb' on input line 1367.
Package xcolor Info: Model `tHsb' substituted by `hsb' on input line 1368.
Package xcolor Info: Model `HSB' substituted by `hsb' on input line 1369.
Package xcolor Info: Model `Gray' substituted by `gray' on input line 1370.
Package xcolor Info: Model `wave' substituted by `hsb' on input line 1371.
)
("C:\Users\Harish D Gadade\AppData\Roaming\MiKTeX\2.9\tex\generic\pgf\basiclaye
r\pgfcore.code.tex"
Package: pgfcore 2010/04/11 v3.0.1a (rcs-revision 1.7)

("C:\Users\Harish D Gadade\AppData\Roaming\MiKTeX\2.9\tex\generic\pgf\math\pgfm
ath.code.tex"
("C:\Users\Harish D Gadade\AppData\Roaming\MiKTeX\2.9\tex\generic\pgf\math\pgfm
athcalc.code.tex"
("C:\Users\Harish D Gadade\AppData\Roaming\MiKTeX\2.9\tex\generic\pgf\math\pgfm
athutil.code.tex")
("C:\Users\Harish D Gadade\AppData\Roaming\MiKTeX\2.9\tex\generic\pgf\math\pgfm
athparser.code.tex"
\pgfmath@dimen=\dimen138
\pgfmath@count=\count113
\pgfmath@box=\box35
\pgfmath@toks=\toks23
\pgfmath@stack@operand=\toks24
\pgfmath@stack@operation=\toks25
)
("C:\Users\Harish D Gadade\AppData\Roaming\MiKTeX\2.9\tex\generic\pgf\math\pgfm
athfunctions.code.tex"
("C:\Users\Harish D Gadade\AppData\Roaming\MiKTeX\2.9\tex\generic\pgf\math\pgfm
athfunctions.basic.code.tex")
("C:\Users\Harish D Gadade\AppData\Roaming\MiKTeX\2.9\tex\generic\pgf\math\pgfm
athfunctions.trigonometric.code.tex")
("C:\Users\Harish D Gadade\AppData\Roaming\MiKTeX\2.9\tex\generic\pgf\math\pgfm
athfunctions.random.code.tex")
("C:\Users\Harish D Gadade\AppData\Roaming\MiKTeX\2.9\tex\generic\pgf\math\pgfm
athfunctions.comparison.code.tex")
("C:\Users\Harish D Gadade\AppData\Roaming\MiKTeX\2.9\tex\generic\pgf\math\pgfm
athfunctions.base.code.tex")
("C:\Users\Harish D Gadade\AppData\Roaming\MiKTeX\2.9\tex\generic\pgf\math\pgfm
athfunctions.round.code.tex")
("C:\Users\Harish D Gadade\AppData\Roaming\MiKTeX\2.9\tex\generic\pgf\math\pgfm
athfunctions.misc.code.tex")
("C:\Users\Harish D Gadade\AppData\Roaming\MiKTeX\2.9\tex\generic\pgf\math\pgfm
athfunctions.integerarithmetics.code.tex")))
("C:\Users\Harish D Gadade\AppData\Roaming\MiKTeX\2.9\tex\generic\pgf\math\pgfm
athfloat.code.tex"
\c@pgfmathroundto@lastzeros=\count114
))
("C:\Users\Harish D Gadade\AppData\Roaming\MiKTeX\2.9\tex\generic\pgf\basiclaye
r\pgfcorepoints.code.tex"
File: pgfcorepoints.code.tex 2013/10/07  (rcs-revision 1.27)
\pgf@picminx=\dimen139
\pgf@picmaxx=\dimen140
\pgf@picminy=\dimen141
\pgf@picmaxy=\dimen142
\pgf@pathminx=\dimen143
\pgf@pathmaxx=\dimen144
\pgf@pathminy=\dimen145
\pgf@pathmaxy=\dimen146
\pgf@xx=\dimen147
\pgf@xy=\dimen148
\pgf@yx=\dimen149
\pgf@yy=\dimen150
\pgf@zx=\dimen151
\pgf@zy=\dimen152
)
("C:\Users\Harish D Gadade\AppData\Roaming\MiKTeX\2.9\tex\generic\pgf\basiclaye
r\pgfcorepathconstruct.code.tex"
File: pgfcorepathconstruct.code.tex 2013/10/07  (rcs-revision 1.29)
\pgf@path@lastx=\dimen153
\pgf@path@lasty=\dimen154
)
("C:\Users\Harish D Gadade\AppData\Roaming\MiKTeX\2.9\tex\generic\pgf\basiclaye
r\pgfcorepathusage.code.tex"
File: pgfcorepathusage.code.tex 2014/11/02  (rcs-revision 1.24)
\pgf@shorten@end@additional=\dimen155
\pgf@shorten@start@additional=\dimen156
)
("C:\Users\Harish D Gadade\AppData\Roaming\MiKTeX\2.9\tex\generic\pgf\basiclaye
r\pgfcorescopes.code.tex"
File: pgfcorescopes.code.tex 2015/05/08  (rcs-revision 1.46)
\pgfpic=\box36
\pgf@hbox=\box37
\pgf@layerbox@main=\box38
\pgf@picture@serial@count=\count115
)
("C:\Users\Harish D Gadade\AppData\Roaming\MiKTeX\2.9\tex\generic\pgf\basiclaye
r\pgfcoregraphicstate.code.tex"
File: pgfcoregraphicstate.code.tex 2014/11/02  (rcs-revision 1.12)
\pgflinewidth=\dimen157
)
("C:\Users\Harish D Gadade\AppData\Roaming\MiKTeX\2.9\tex\generic\pgf\basiclaye
r\pgfcoretransformations.code.tex"
File: pgfcoretransformations.code.tex 2015/08/07  (rcs-revision 1.20)
\pgf@pt@x=\dimen158
\pgf@pt@y=\dimen159
\pgf@pt@temp=\dimen160
)
("C:\Users\Harish D Gadade\AppData\Roaming\MiKTeX\2.9\tex\generic\pgf\basiclaye
r\pgfcorequick.code.tex"
File: pgfcorequick.code.tex 2008/10/09  (rcs-revision 1.3)
)
("C:\Users\Harish D Gadade\AppData\Roaming\MiKTeX\2.9\tex\generic\pgf\basiclaye
r\pgfcoreobjects.code.tex"
File: pgfcoreobjects.code.tex 2006/10/11  (rcs-revision 1.2)
)
("C:\Users\Harish D Gadade\AppData\Roaming\MiKTeX\2.9\tex\generic\pgf\basiclaye
r\pgfcorepathprocessing.code.tex"
File: pgfcorepathprocessing.code.tex 2013/09/09  (rcs-revision 1.9)
)
("C:\Users\Harish D Gadade\AppData\Roaming\MiKTeX\2.9\tex\generic\pgf\basiclaye
r\pgfcorearrows.code.tex"
File: pgfcorearrows.code.tex 2015/05/14  (rcs-revision 1.43)
\pgfarrowsep=\dimen161
)
("C:\Users\Harish D Gadade\AppData\Roaming\MiKTeX\2.9\tex\generic\pgf\basiclaye
r\pgfcoreshade.code.tex"
File: pgfcoreshade.code.tex 2013/07/15  (rcs-revision 1.15)
\pgf@max=\dimen162
\pgf@sys@shading@range@num=\count116
)
("C:\Users\Harish D Gadade\AppData\Roaming\MiKTeX\2.9\tex\generic\pgf\basiclaye
r\pgfcoreimage.code.tex"
File: pgfcoreimage.code.tex 2013/07/15  (rcs-revision 1.18)

("C:\Users\Harish D Gadade\AppData\Roaming\MiKTeX\2.9\tex\generic\pgf\basiclaye
r\pgfcoreexternal.code.tex"
File: pgfcoreexternal.code.tex 2014/07/09  (rcs-revision 1.21)
\pgfexternal@startupbox=\box39
))
("C:\Users\Harish D Gadade\AppData\Roaming\MiKTeX\2.9\tex\generic\pgf\basiclaye
r\pgfcorelayers.code.tex"
File: pgfcorelayers.code.tex 2013/07/18  (rcs-revision 1.7)
)
("C:\Users\Harish D Gadade\AppData\Roaming\MiKTeX\2.9\tex\generic\pgf\basiclaye
r\pgfcoretransparency.code.tex"
File: pgfcoretransparency.code.tex 2013/09/30  (rcs-revision 1.5)
)
("C:\Users\Harish D Gadade\AppData\Roaming\MiKTeX\2.9\tex\generic\pgf\basiclaye
r\pgfcorepatterns.code.tex"
File: pgfcorepatterns.code.tex 2013/11/07  (rcs-revision 1.5)
)))
("C:\Users\Harish D Gadade\AppData\Roaming\MiKTeX\2.9\tex\latex\pgf\utilities\x
xcolor.sty"
Package: xxcolor 2003/10/24 ver 0.1
\XC@nummixins=\count117
\XC@countmixins=\count118
) ("C:\Program Files\MiKTeX 2.9\tex\generic\oberdiek\atbegshi.sty"
Package: atbegshi 2016/06/09 v1.18 At begin shipout hook (HO)

("C:\Program Files\MiKTeX 2.9\tex\generic\oberdiek\infwarerr.sty"
Package: infwarerr 2016/05/16 v1.4 Providing info/warning/error messages (HO)
)
("C:\Program Files\MiKTeX 2.9\tex\generic\oberdiek\ltxcmds.sty"
Package: ltxcmds 2016/05/16 v1.23 LaTeX kernel commands for general use (HO)
))
("C:\Program Files\MiKTeX 2.9\tex\latex\hyperref\hyperref.sty"
Package: hyperref 2017/03/14 v6.85a Hypertext links for LaTeX

("C:\Program Files\MiKTeX 2.9\tex\generic\oberdiek\hobsub-hyperref.sty"
Package: hobsub-hyperref 2016/05/16 v1.14 Bundle oberdiek, subset hyperref (HO)


("C:\Program Files\MiKTeX 2.9\tex\generic\oberdiek\hobsub-generic.sty"
Package: hobsub-generic 2016/05/16 v1.14 Bundle oberdiek, subset generic (HO)
Package: hobsub 2016/05/16 v1.14 Construct package bundles (HO)
Package hobsub Info: Skipping package `infwarerr' (already loaded).
Package hobsub Info: Skipping package `ltxcmds' (already loaded).
Package: ifluatex 2016/05/16 v1.4 Provides the ifluatex switch (HO)
Package ifluatex Info: LuaTeX not detected.
Package hobsub Info: Skipping package `ifvtex' (already loaded).
Package: intcalc 2016/05/16 v1.2 Expandable calculations with integers (HO)
Package hobsub Info: Skipping package `ifpdf' (already loaded).
Package: etexcmds 2016/05/16 v1.6 Avoid name clashes with e-TeX commands (HO)
Package etexcmds Info: Could not find \expanded.
(etexcmds)             That can mean that you are not using pdfTeX 1.50 or
(etexcmds)             that some package has redefined \expanded.
(etexcmds)             In the latter case, load this package earlier.
Package: kvsetkeys 2016/05/16 v1.17 Key value parser (HO)
Package: kvdefinekeys 2016/05/16 v1.4 Define keys (HO)
Package: pdftexcmds 2017/03/19 v0.25 Utility functions of pdfTeX for LuaTeX (HO
)
Package pdftexcmds Info: LuaTeX not detected.
Package pdftexcmds Info: \pdf@primitive is available.
Package pdftexcmds Info: \pdf@ifprimitive is available.
Package pdftexcmds Info: \pdfdraftmode found.
Package: pdfescape 2016/05/16 v1.14 Implements pdfTeX's escape features (HO)
Package: bigintcalc 2016/05/16 v1.4 Expandable calculations on big integers (HO
)
Package: bitset 2016/05/16 v1.2 Handle bit-vector datatype (HO)
Package: uniquecounter 2016/05/16 v1.3 Provide unlimited unique counter (HO)
)
Package hobsub Info: Skipping package `hobsub' (already loaded).
Package: letltxmacro 2016/05/16 v1.5 Let assignment for LaTeX macros (HO)
Package: hopatch 2016/05/16 v1.3 Wrapper for package hooks (HO)
Package: xcolor-patch 2016/05/16 xcolor patch
Package: atveryend 2016/05/16 v1.9 Hooks at the very end of document (HO)
Package hobsub Info: Skipping package `atbegshi' (already loaded).
Package: refcount 2016/05/16 v3.5 Data extraction from label references (HO)
Package: hycolor 2016/05/16 v1.8 Color options for hyperref/bookmark (HO)
)
("C:\Program Files\MiKTeX 2.9\tex\latex\oberdiek\auxhook.sty"
Package: auxhook 2016/05/16 v1.4 Hooks for auxiliary files (HO)
)
("C:\Program Files\MiKTeX 2.9\tex\latex\oberdiek\kvoptions.sty"
Package: kvoptions 2016/05/16 v3.12 Key value format for package options (HO)
)
\@linkdim=\dimen163
\Hy@linkcounter=\count119
\Hy@pagecounter=\count120

("C:\Program Files\MiKTeX 2.9\tex\latex\hyperref\pd1enc.def"
File: pd1enc.def 2017/03/14 v6.85a Hyperref: PDFDocEncoding definition (HO)
)
\Hy@SavedSpaceFactor=\count121

("C:\Program Files\MiKTeX 2.9\tex\latex\00miktex\hyperref.cfg"
File: hyperref.cfg 2002/06/06 v1.2 hyperref configuration of TeXLive
)
Package hyperref Info: Option `bookmarks' set `true' on input line 4374.
Package hyperref Info: Option `bookmarksopen' set `true' on input line 4374.
Package hyperref Info: Option `implicit' set `false' on input line 4374.
Package hyperref Info: Hyper figures OFF on input line 4498.
Package hyperref Info: Link nesting OFF on input line 4503.
Package hyperref Info: Hyper index ON on input line 4506.
Package hyperref Info: Plain pages OFF on input line 4513.
Package hyperref Info: Backreferencing OFF on input line 4518.
Package hyperref Info: Implicit mode OFF; no redefinition of LaTeX internals.
Package hyperref Info: Bookmarks ON on input line 4751.
\c@Hy@tempcnt=\count122

("C:\Users\Harish D Gadade\AppData\Roaming\MiKTeX\2.9\tex\latex\url\url.sty"
\Urlmuskip=\muskip10
Package: url 2013/09/16  ver 3.4  Verb mode for urls, etc.
)
LaTeX Info: Redefining \url on input line 5104.
\XeTeXLinkMargin=\dimen164
\Fld@menulength=\count123
\Field@Width=\dimen165
\Fld@charsize=\dimen166
Package hyperref Info: Hyper figures OFF on input line 6358.
Package hyperref Info: Link nesting OFF on input line 6363.
Package hyperref Info: Hyper index ON on input line 6366.
Package hyperref Info: backreferencing OFF on input line 6373.
Package hyperref Info: Link coloring OFF on input line 6378.
Package hyperref Info: Link coloring with OCG OFF on input line 6383.
Package hyperref Info: PDF/A mode OFF on input line 6388.
LaTeX Info: Redefining \ref on input line 6428.
LaTeX Info: Redefining \pageref on input line 6432.
\Hy@abspage=\count124


Package hyperref Message: Stopped early.

)

Package hyperref Message: Driver (autodetected): hpdftex.

("C:\Program Files\MiKTeX 2.9\tex\latex\hyperref\hpdftex.def"
File: hpdftex.def 2017/03/14 v6.85a Hyperref driver for pdfTeX
\Fld@listcount=\count125
\c@bookmark@seq@number=\count126

("C:\Program Files\MiKTeX 2.9\tex\latex\oberdiek\rerunfilecheck.sty"
Package: rerunfilecheck 2016/05/16 v1.8 Rerun checks for auxiliary files (HO)
Package uniquecounter Info: New unique counter `rerunfilecheck' on input line 2
82.
))
("C:\Users\Harish D Gadade\AppData\Roaming\MiKTeX\2.9\tex\latex\beamer\beamerba
serequires.sty"
("C:\Users\Harish D Gadade\AppData\Roaming\MiKTeX\2.9\tex\latex\beamer\beamerba
secompatibility.sty")
("C:\Users\Harish D Gadade\AppData\Roaming\MiKTeX\2.9\tex\latex\beamer\beamerba
sefont.sty" ("C:\Program Files\MiKTeX 2.9\tex\latex\amsfonts\amssymb.sty"
Package: amssymb 2013/01/14 v3.01 AMS font symbols

("C:\Program Files\MiKTeX 2.9\tex\latex\amsfonts\amsfonts.sty"
Package: amsfonts 2013/01/14 v3.01 Basic AMSFonts support
\@emptytoks=\toks26
\symAMSa=\mathgroup4
\symAMSb=\mathgroup5
LaTeX Font Info:    Overwriting math alphabet `\mathfrak' in version `bold'
(Font)                  U/euf/m/n --> U/euf/b/n on input line 106.
))
("C:\Users\Harish D Gadade\AppData\Roaming\MiKTeX\2.9\tex\latex\sansmathaccent\
sansmathaccent.sty"
Package: sansmathaccent 2013/03/28

("C:\Users\Harish D Gadade\AppData\Roaming\MiKTeX\2.9\tex\latex\filehook\fileho
ok.sty"
Package: filehook 2011/10/12 v0.5d Hooks for input files
)))
("C:\Users\Harish D Gadade\AppData\Roaming\MiKTeX\2.9\tex\latex\beamer\beamerba
setranslator.sty"
("C:\Users\Harish D Gadade\AppData\Roaming\MiKTeX\2.9\tex\latex\translator\tran
slator.sty"
Package: translator 2017/11/30 v1.11
))
("C:\Users\Harish D Gadade\AppData\Roaming\MiKTeX\2.9\tex\latex\beamer\beamerba
semisc.sty")
("C:\Users\Harish D Gadade\AppData\Roaming\MiKTeX\2.9\tex\latex\beamer\beamerba
setwoscreens.sty")
("C:\Users\Harish D Gadade\AppData\Roaming\MiKTeX\2.9\tex\latex\beamer\beamerba
seoverlay.sty"
\beamer@argscount=\count127
\beamer@lastskipcover=\skip44
\beamer@trivlistdepth=\count128
)
("C:\Users\Harish D Gadade\AppData\Roaming\MiKTeX\2.9\tex\latex\beamer\beamerba
setitle.sty")
("C:\Users\Harish D Gadade\AppData\Roaming\MiKTeX\2.9\tex\latex\beamer\beamerba
sesection.sty"
\c@lecture=\count129
\c@part=\count130
\c@section=\count131
\c@subsection=\count132
\c@subsubsection=\count133
)
("C:\Users\Harish D Gadade\AppData\Roaming\MiKTeX\2.9\tex\latex\beamer\beamerba
seframe.sty"
\beamer@framebox=\box40
\beamer@frametitlebox=\box41
\beamer@zoombox=\box42
\beamer@zoomcount=\count134
\beamer@zoomframecount=\count135
\beamer@frametextheight=\dimen167
\c@subsectionslide=\count136
\beamer@frametopskip=\skip45
\beamer@framebottomskip=\skip46
\beamer@frametopskipautobreak=\skip47
\beamer@framebottomskipautobreak=\skip48
\beamer@envbody=\toks27
\framewidth=\dimen168
\c@framenumber=\count137
)
("C:\Users\Harish D Gadade\AppData\Roaming\MiKTeX\2.9\tex\latex\beamer\beamerba
severbatim.sty"
\beamer@verbatimfileout=\write4
)
("C:\Users\Harish D Gadade\AppData\Roaming\MiKTeX\2.9\tex\latex\beamer\beamerba
seframesize.sty"
\beamer@splitbox=\box43
\beamer@autobreakcount=\count138
\beamer@autobreaklastheight=\dimen169
\beamer@frametitletoks=\toks28
\beamer@framesubtitletoks=\toks29
)
("C:\Users\Harish D Gadade\AppData\Roaming\MiKTeX\2.9\tex\latex\beamer\beamerba
seframecomponents.sty"
\beamer@footins=\box44
)
("C:\Users\Harish D Gadade\AppData\Roaming\MiKTeX\2.9\tex\latex\beamer\beamerba
secolor.sty"
\beamer@bg@ht=\dimen170
\beamer@bg@wd=\dimen171
\beamer@bg@dp=\dimen172
)
("C:\Users\Harish D Gadade\AppData\Roaming\MiKTeX\2.9\tex\latex\beamer\beamerba
senotes.sty"
\beamer@frameboxcopy=\box45
)
("C:\Users\Harish D Gadade\AppData\Roaming\MiKTeX\2.9\tex\latex\beamer\beamerba
setoc.sty")
("C:\Users\Harish D Gadade\AppData\Roaming\MiKTeX\2.9\tex\latex\beamer\beamerba
setemplates.sty"
\beamer@sbttoks=\toks30

("C:\Users\Harish D Gadade\AppData\Roaming\MiKTeX\2.9\tex\latex\beamer\beamerba
seauxtemplates.sty"
("C:\Users\Harish D Gadade\AppData\Roaming\MiKTeX\2.9\tex\latex\beamer\beamerba
seboxes.sty"
\bmb@box=\box46
\bmb@colorbox=\box47
\bmb@boxshadow=\box48
\bmb@boxshadowball=\box49
\bmb@boxshadowballlarge=\box50
\bmb@temp=\dimen173
\bmb@dima=\dimen174
\bmb@dimb=\dimen175
\bmb@prevheight=\dimen176
)
\beamer@blockheadheight=\dimen177
))
("C:\Users\Harish D Gadade\AppData\Roaming\MiKTeX\2.9\tex\latex\beamer\beamerba
selocalstructure.sty"
("C:\Program Files\MiKTeX 2.9\tex\latex\tools\enumerate.sty"
Package: enumerate 2015/07/23 v3.00 enumerate extensions (DPC)
\@enLab=\toks31
)
\c@figure=\count139
\c@table=\count140
\abovecaptionskip=\skip49
\belowcaptionskip=\skip50
)
("C:\Users\Harish D Gadade\AppData\Roaming\MiKTeX\2.9\tex\latex\beamer\beamerba
senavigation.sty"
\beamer@section@min@dim=\dimen178
)
("C:\Users\Harish D Gadade\AppData\Roaming\MiKTeX\2.9\tex\latex\beamer\beamerba
setheorems.sty" ("C:\Program Files\MiKTeX 2.9\tex\latex\amsmath\amsmath.sty"
Package: amsmath 2017/09/02 v2.17a AMS math features
\@mathmargin=\skip51

For additional information on amsmath, use the `?' option.
("C:\Program Files\MiKTeX 2.9\tex\latex\amsmath\amstext.sty"
Package: amstext 2000/06/29 v2.01 AMS text

("C:\Program Files\MiKTeX 2.9\tex\latex\amsmath\amsgen.sty"
File: amsgen.sty 1999/11/30 v2.0 generic functions
\@emptytoks=\toks32
\ex@=\dimen179
))
("C:\Program Files\MiKTeX 2.9\tex\latex\amsmath\amsbsy.sty"
Package: amsbsy 1999/11/29 v1.2d Bold Symbols
\pmbraise@=\dimen180
)
("C:\Program Files\MiKTeX 2.9\tex\latex\amsmath\amsopn.sty"
Package: amsopn 2016/03/08 v2.02 operator names
)
\inf@bad=\count141
LaTeX Info: Redefining \frac on input line 213.
\uproot@=\count142
\leftroot@=\count143
LaTeX Info: Redefining \overline on input line 375.
\classnum@=\count144
\DOTSCASE@=\count145
LaTeX Info: Redefining \ldots on input line 472.
LaTeX Info: Redefining \dots on input line 475.
LaTeX Info: Redefining \cdots on input line 596.
\Mathstrutbox@=\box51
\strutbox@=\box52
\big@size=\dimen181
LaTeX Font Info:    Redeclaring font encoding OML on input line 712.
LaTeX Font Info:    Redeclaring font encoding OMS on input line 713.
\macc@depth=\count146
\c@MaxMatrixCols=\count147
\dotsspace@=\muskip11
\c@parentequation=\count148
\dspbrk@lvl=\count149
\tag@help=\toks33
\row@=\count150
\column@=\count151
\maxfields@=\count152
\andhelp@=\toks34
\eqnshift@=\dimen182
\alignsep@=\dimen183
\tagshift@=\dimen184
\tagwidth@=\dimen185
\totwidth@=\dimen186
\lineht@=\dimen187
\@envbody=\toks35
\multlinegap=\skip52
\multlinetaggap=\skip53
\mathdisplay@stack=\toks36
LaTeX Info: Redefining \[ on input line 2817.
LaTeX Info: Redefining \] on input line 2818.
)
("C:\Program Files\MiKTeX 2.9\tex\latex\amscls\amsthm.sty"
Package: amsthm 2015/03/04 v2.20.2
\thm@style=\toks37
\thm@bodyfont=\toks38
\thm@headfont=\toks39
\thm@notefont=\toks40
\thm@headpunct=\toks41
\thm@preskip=\skip54
\thm@postskip=\skip55
\thm@headsep=\skip56
\dth@everypar=\toks42
)
\c@theorem=\count153
)
("C:\Users\Harish D Gadade\AppData\Roaming\MiKTeX\2.9\tex\latex\beamer\beamerba
sethemes.sty"))
("C:\Users\Harish D Gadade\AppData\Roaming\MiKTeX\2.9\tex\latex\beamer\beamerth
emedefault.sty"
("C:\Users\Harish D Gadade\AppData\Roaming\MiKTeX\2.9\tex\latex\beamer\beamerfo
ntthemedefault.sty")
("C:\Users\Harish D Gadade\AppData\Roaming\MiKTeX\2.9\tex\latex\beamer\beamerco
lorthemedefault.sty")
("C:\Users\Harish D Gadade\AppData\Roaming\MiKTeX\2.9\tex\latex\beamer\beamerin
nerthemedefault.sty"
\beamer@dima=\dimen188
\beamer@dimb=\dimen189
)
("C:\Users\Harish D Gadade\AppData\Roaming\MiKTeX\2.9\tex\latex\beamer\beamerou
terthemedefault.sty")))
("C:\Program Files\MiKTeX 2.9\tex\generic\babel\babel.sty"
Package: babel 2017/11/03 3.15 The Babel package

("C:\Program Files\MiKTeX 2.9\tex\generic\babel\switch.def"
File: switch.def 2017/11/03 3.15 Babel switching mechanism
)
*************************************
* Local config file bblopts.cfg used
*

("C:\Users\Harish D Gadade\AppData\Roaming\MiKTeX\2.9\tex\latex\arabi\bblopts.c
fg"
File: bblopts.cfg 2005/09/08 v0.1 add Arabic and Farsi to "declared" options of
 babel
) ("C:\Program Files\MiKTeX 2.9\tex\latex\babel-english\english.ldf"
Language: english 2017/06/06 v3.3r English support from the babel system

("C:\Program Files\MiKTeX 2.9\tex\generic\babel\babel.def"
File: babel.def 2017/11/03 3.15 Babel common definitions

("C:\Program Files\MiKTeX 2.9\tex\generic\babel\switch.def"
File: switch.def 2017/11/03 3.15 Babel switching mechanism
)
\babel@savecnt=\count154
\U@D=\dimen190
LaTeX Info: Redefining \textlatin on input line 1741.
)
\l@canadian = a dialect from \language\l@american 
\l@australian = a dialect from \language\l@british 
\l@newzealand = a dialect from \language\l@british 
))
("C:\Users\Harish D Gadade\AppData\Roaming\MiKTeX\2.9\tex\latex\ms\ragged2e.sty
"
Package: ragged2e 2009/05/21 v2.1 ragged2e Package (MS)

("C:\Users\Harish D Gadade\AppData\Roaming\MiKTeX\2.9\tex\latex\ms\everysel.sty
"
Package: everysel 2011/10/28 v1.2 EverySelectfont Package (MS)
)
\CenteringLeftskip=\skip57
\RaggedLeftLeftskip=\skip58
\RaggedRightLeftskip=\skip59
\CenteringRightskip=\skip60
\RaggedLeftRightskip=\skip61
\RaggedRightRightskip=\skip62
\CenteringParfillskip=\skip63
\RaggedLeftParfillskip=\skip64
\RaggedRightParfillskip=\skip65
\JustifyingParfillskip=\skip66
\CenteringParindent=\skip67
\RaggedLeftParindent=\skip68
\RaggedRightParindent=\skip69
\JustifyingParindent=\skip70
) (Unit-II.aux)
\openout1 = `Unit-II.aux'.

LaTeX Font Info:    Checking defaults for OML/cmm/m/it on input line 37.
LaTeX Font Info:    ... okay on input line 37.
LaTeX Font Info:    Checking defaults for T1/cmr/m/n on input line 37.
LaTeX Font Info:    ... okay on input line 37.
LaTeX Font Info:    Checking defaults for OT1/cmr/m/n on input line 37.
LaTeX Font Info:    ... okay on input line 37.
LaTeX Font Info:    Checking defaults for OMS/cmsy/m/n on input line 37.
LaTeX Font Info:    ... okay on input line 37.
LaTeX Font Info:    Checking defaults for OMX/cmex/m/n on input line 37.
LaTeX Font Info:    ... okay on input line 37.
LaTeX Font Info:    Checking defaults for U/cmr/m/n on input line 37.
LaTeX Font Info:    ... okay on input line 37.
LaTeX Font Info:    Checking defaults for PD1/pdf/m/n on input line 37.
LaTeX Font Info:    ... okay on input line 37.

*geometry* driver: auto-detecting
*geometry* detected driver: pdftex
*geometry* verbose mode - [ preamble ] result:
* driver: pdftex
* paper: custom
* layout: <same size as paper>
* layoutoffset:(h,v)=(0.0pt,0.0pt)
* modes: includehead includefoot 
* h-part:(L,W,R)=(28.45274pt, 307.28987pt, 28.45274pt)
* v-part:(T,H,B)=(0.0pt, 273.14662pt, 0.0pt)
* \paperwidth=364.19536pt
* \paperheight=273.14662pt
* \textwidth=307.28987pt
* \textheight=244.6939pt
* \oddsidemargin=-43.81725pt
* \evensidemargin=-43.81725pt
* \topmargin=-72.26999pt
* \headheight=14.22636pt
* \headsep=0.0pt
* \topskip=11.0pt
* \footskip=14.22636pt
* \marginparwidth=4.0pt
* \marginparsep=10.0pt
* \columnsep=10.0pt
* \skip\footins=10.0pt plus 4.0pt minus 2.0pt
* \hoffset=0.0pt
* \voffset=0.0pt
* \mag=1000
* \@twocolumnfalse
* \@twosidefalse
* \@mparswitchfalse
* \@reversemarginfalse
* (1in=72.27pt=25.4mm, 1cm=28.453pt)


("C:\Users\Harish D Gadade\AppData\Roaming\MiKTeX\2.9\tex\context\base\supp-pdf
.mkii"
[Loading MPS to PDF converter (version 2006.09.02).]
\scratchcounter=\count155
\scratchdimen=\dimen191
\scratchbox=\box53
\nofMPsegments=\count156
\nofMParguments=\count157
\everyMPshowfont=\toks43
\MPscratchCnt=\count158
\MPscratchDim=\dimen192
\MPnumerator=\count159
\makeMPintoPDFobject=\count160
\everyMPtoPDFconversion=\toks44
) ("C:\Program Files\MiKTeX 2.9\tex\latex\oberdiek\epstopdf-base.sty"
Package: epstopdf-base 2016/05/15 v2.6 Base part for package epstopdf

("C:\Program Files\MiKTeX 2.9\tex\latex\oberdiek\grfext.sty"
Package: grfext 2016/05/16 v1.2 Manage graphics extensions (HO)
)
Package epstopdf-base Info: Redefining graphics rule for `.eps' on input line 4
38.
Package grfext Info: Graphics extension search list:
(grfext)             [.pdf,.png,.jpg,.mps,.jpeg,.jbig2,.jb2,.PDF,.PNG,.JPG,.JPE
G,.JBIG2,.JB2,.eps]
(grfext)             \AppendGraphicsExtensions on input line 456.
)
ABD: EveryShipout initializing macros
\AtBeginShipoutBox=\box54
Package hyperref Info: Link coloring OFF on input line 37.

("C:\Program Files\MiKTeX 2.9\tex\latex\hyperref\nameref.sty"
Package: nameref 2016/05/21 v2.44 Cross-referencing by name of section

("C:\Program Files\MiKTeX 2.9\tex\generic\oberdiek\gettitlestring.sty"
Package: gettitlestring 2016/05/16 v1.5 Cleanup title references (HO)
)
\c@section@level=\count161
)
LaTeX Info: Redefining \ref on input line 37.
LaTeX Info: Redefining \pageref on input line 37.
LaTeX Info: Redefining \nameref on input line 37.

(Unit-II.out) (Unit-II.out)
\@outlinefile=\write5
\openout5 = `Unit-II.out'.

LaTeX Font Info:    Overwriting symbol font `operators' in version `normal'
(Font)                  OT1/cmr/m/n --> OT1/cmss/m/n on input line 37.
LaTeX Font Info:    Overwriting symbol font `operators' in version `bold'
(Font)                  OT1/cmr/bx/n --> OT1/cmss/bx/n on input line 37.
\symnumbers=\mathgroup6
\sympureletters=\mathgroup7
LaTeX Font Info:    Overwriting math alphabet `\mathrm' in version `normal'
(Font)                  OT1/cmss/m/n --> OT1/cmr/m/n on input line 37.
LaTeX Font Info:    Redeclaring math alphabet \mathbf on input line 37.
LaTeX Font Info:    Overwriting math alphabet `\mathbf' in version `normal'
(Font)                  OT1/cmr/bx/n --> OT1/cmss/bx/n on input line 37.
LaTeX Font Info:    Overwriting math alphabet `\mathbf' in version `bold'
(Font)                  OT1/cmr/bx/n --> OT1/cmss/bx/n on input line 37.
LaTeX Font Info:    Redeclaring math alphabet \mathsf on input line 37.
LaTeX Font Info:    Overwriting math alphabet `\mathsf' in version `normal'
(Font)                  OT1/cmss/m/n --> OT1/cmss/m/n on input line 37.
LaTeX Font Info:    Overwriting math alphabet `\mathsf' in version `bold'
(Font)                  OT1/cmss/bx/n --> OT1/cmss/m/n on input line 37.
LaTeX Font Info:    Redeclaring math alphabet \mathit on input line 37.
LaTeX Font Info:    Overwriting math alphabet `\mathit' in version `normal'
(Font)                  OT1/cmr/m/it --> OT1/cmss/m/it on input line 37.
LaTeX Font Info:    Overwriting math alphabet `\mathit' in version `bold'
(Font)                  OT1/cmr/bx/it --> OT1/cmss/m/it on input line 37.
LaTeX Font Info:    Redeclaring math alphabet \mathtt on input line 37.
LaTeX Font Info:    Overwriting math alphabet `\mathtt' in version `normal'
(Font)                  OT1/cmtt/m/n --> OT1/cmtt/m/n on input line 37.
LaTeX Font Info:    Overwriting math alphabet `\mathtt' in version `bold'
(Font)                  OT1/cmtt/m/n --> OT1/cmtt/m/n on input line 37.
LaTeX Font Info:    Overwriting symbol font `numbers' in version `bold'
(Font)                  OT1/cmss/m/n --> OT1/cmss/bx/n on input line 37.
LaTeX Font Info:    Overwriting symbol font `pureletters' in version `bold'
(Font)                  OT1/cmss/m/it --> OT1/cmss/bx/it on input line 37.
LaTeX Font Info:    Overwriting math alphabet `\mathrm' in version `bold'
(Font)                  OT1/cmss/bx/n --> OT1/cmr/bx/n on input line 37.
LaTeX Font Info:    Overwriting math alphabet `\mathbf' in version `bold'
(Font)                  OT1/cmss/bx/n --> OT1/cmss/bx/n on input line 37.
LaTeX Font Info:    Overwriting math alphabet `\mathsf' in version `bold'
(Font)                  OT1/cmss/m/n --> OT1/cmss/bx/n on input line 37.
LaTeX Font Info:    Overwriting math alphabet `\mathit' in version `bold'
(Font)                  OT1/cmss/m/it --> OT1/cmss/bx/it on input line 37.
LaTeX Font Info:    Overwriting math alphabet `\mathtt' in version `bold'
(Font)                  OT1/cmtt/m/n --> OT1/cmtt/bx/n on input line 37.
LaTeX Font Info:    Redeclaring symbol font `pureletters' on input line 37.
LaTeX Font Info:    Overwriting symbol font `pureletters' in version `normal'
(Font)                  OT1/cmss/m/it --> OT1/mathkerncmss/m/sl on input line 3
7.
LaTeX Font Info:    Overwriting symbol font `pureletters' in version `bold'
(Font)                  OT1/cmss/bx/it --> OT1/mathkerncmss/m/sl on input line 
37.
LaTeX Font Info:    Overwriting symbol font `pureletters' in version `bold'
(Font)                  OT1/mathkerncmss/m/sl --> OT1/mathkerncmss/bx/sl on inp
ut line 37.

("C:\Users\Harish D Gadade\AppData\Roaming\MiKTeX\2.9\tex\latex\translator\tran
slator-basic-dictionary-English.dict"
Dictionary: translator-basic-dictionary, Language: English 
)
("C:\Users\Harish D Gadade\AppData\Roaming\MiKTeX\2.9\tex\latex\translator\tran
slator-bibliography-dictionary-English.dict"
Dictionary: translator-bibliography-dictionary, Language: English 
)
("C:\Users\Harish D Gadade\AppData\Roaming\MiKTeX\2.9\tex\latex\translator\tran
slator-environment-dictionary-English.dict"
Dictionary: translator-environment-dictionary, Language: English 
)
("C:\Users\Harish D Gadade\AppData\Roaming\MiKTeX\2.9\tex\latex\translator\tran
slator-months-dictionary-English.dict"
Dictionary: translator-months-dictionary, Language: English 
)
("C:\Users\Harish D Gadade\AppData\Roaming\MiKTeX\2.9\tex\latex\translator\tran
slator-numbers-dictionary-English.dict"
Dictionary: translator-numbers-dictionary, Language: English 
)
("C:\Users\Harish D Gadade\AppData\Roaming\MiKTeX\2.9\tex\latex\translator\tran
slator-theorem-dictionary-English.dict"
Dictionary: translator-theorem-dictionary, Language: English 
)
ABD: EverySelectfont initializing macros
LaTeX Info: Redefining \selectfont on input line 37.
 (Unit-II.nav)
LaTeX Font Info:    Try loading font information for U+msa on input line 37.

("C:\Program Files\MiKTeX 2.9\tex\latex\amsfonts\umsa.fd"
File: umsa.fd 2013/01/14 v3.01 AMS symbols A
)
LaTeX Font Info:    Try loading font information for U+msb on input line 37.

("C:\Program Files\MiKTeX 2.9\tex\latex\amsfonts\umsb.fd"
File: umsb.fd 2013/01/14 v3.01 AMS symbols B
)
LaTeX Font Info:    Try loading font information for OT1+mathkerncmss on input 
line 37.

("C:\Users\Harish D Gadade\AppData\Roaming\MiKTeX\2.9\tex\latex\sansmathaccent\
ot1mathkerncmss.fd"
File: ot1mathkerncmss.fd 2013/03/27 Fontinst v1.933 font definitions for OT1/ma
thkerncmss.
)
Overfull \hbox (1.41669pt too wide) detected at line 37
 $[]$ 
 []


Overfull \hbox (1.41669pt too wide) has occurred while \output is active
 $[]$ 
 []

[1

{C:/Users/Harish D Gadade/AppData/Local/MiKTeX/2.9/pdftex/config/pdftex.map} <.
/gcoejLogo.jpg>]
<sharedDataApproach.jpg, id=67, 493.0922pt x 68.50594pt>
File: sharedDataApproach.jpg Graphic file (type jpg)
<use sharedDataApproach.jpg>
Package pdftex.def Info: sharedDataApproach.jpg  used on input line 69. on inpu
t line 69.
Package pdftex.def Info: Requested size: 227.62204pt x 31.6239pt on input line 
69.
<messagePassingApproach.jpg, id=68, 286.06876pt x 59.47218pt>
File: messagePassingApproach.jpg Graphic file (type jpg)
<use messagePassingApproach.jpg>
Package pdftex.def Info: messagePassingApproach.jpg  used on input line 69. on 
input line 69.
Package pdftex.def Info: Requested size: 199.16928pt x 41.407pt on input line 6
9.

Overfull \hbox (1.41669pt too wide) has occurred while \output is active
 $[]$ 
 []

[2

 <./sharedDataApproach.jpg> <./messagePassingApproach.jpg>]
Overfull \hbox (1.41669pt too wide) has occurred while \output is active
 $[]$ 
 []

[3

]
<messageStructure.jpg, id=81, 533.74406pt x 207.02344pt>
File: messageStructure.jpg Graphic file (type jpg)
<use messageStructure.jpg>
Package pdftex.def Info: messageStructure.jpg  used on input line 121. on input
 line 121.
Package pdftex.def Info: Requested size: 284.52756pt x 110.36314pt on input lin
e 121.

Overfull \hbox (1.41669pt too wide) has occurred while \output is active
 $[]$ 
 []

[4

 <./messageStructure.jpg>]
Overfull \hbox (1.41669pt too wide) has occurred while \output is active
 $[]$ 
 []

[5


]
<synchronousMode.jpg, id=92, 555.57562pt x 416.30531pt>
File: synchronousMode.jpg Graphic file (type jpg)
<use synchronousMode.jpg>
Package pdftex.def Info: synchronousMode.jpg  used on input line 149. on input 
line 149.
Package pdftex.def Info: Requested size: 256.0748pt x 191.8839pt on input line 
149.

Overfull \hbox (1.41669pt too wide) has occurred while \output is active
 $[]$ 
 []

[6

]
Overfull \hbox (1.41669pt too wide) has occurred while \output is active
 $[]$ 
 []

[7


 <./synchronousMode.jpg>]
<buffering.jpg, id=104, 963.6pt x 542.025pt>
File: buffering.jpg Graphic file (type jpg)
<use buffering.jpg>
Package pdftex.def Info: buffering.jpg  used on input line 172. on input line 1
72.
Package pdftex.def Info: Requested size: 426.79134pt x 240.06314pt on input lin
e 172.

Overfull \hbox (119.50146pt too wide) in paragraph at lines 172--172
 [] 
 []


Overfull \hbox (1.41669pt too wide) has occurred while \output is active
 $[]$ 
 []

[8

]
Overfull \vbox (39.40942pt too high) detected at line 172
 []


Overfull \hbox (1.41669pt too wide) has occurred while \output is active
 $[]$ 
 []

[9


 <./buffering.jpg>]
Overfull \hbox (1.41669pt too wide) has occurred while \output is active
 $[]$ 
 []

[10

]

Package hyperref Warning: Token not allowed in a PDF string (PDFDocEncoding):
(hyperref)                removing `alignment tab' on input line 189.


Overfull \hbox (1.41669pt too wide) has occurred while \output is active
 $[]$ 
 []

[11

]
Overfull \hbox (1.41669pt too wide) has occurred while \output is active
 $[]$ 
 []

[12

]
<fig36(a).jpg, id=131, 356.83313pt x 245.41687pt>
File: fig36(a).jpg Graphic file (type jpg)
<use fig36(a).jpg>
Package pdftex.def Info: fig36(a).jpg  used on input line 282. on input line 28
2.
Package pdftex.def Info: Requested size: 284.52756pt x 195.69714pt on input lin
e 282.
<fig36(b).jpg, id=132, 398.99063pt x 216.05719pt>
File: fig36(b).jpg Graphic file (type jpg)
<use fig36(b).jpg>
Package pdftex.def Info: fig36(b).jpg  used on input line 282. on input line 28
2.
Package pdftex.def Info: Requested size: 284.52756pt x 154.0808pt on input line
 282.
<fig36(c).jpg, id=133, 449.42906pt x 216.81pt>
File: fig36(c).jpg Graphic file (type jpg)
<use fig36(c).jpg>
Package pdftex.def Info: fig36(c).jpg  used on input line 282. on input line 28
2.
Package pdftex.def Info: Requested size: 284.52756pt x 137.2659pt on input line
 282.
<fig37.jpg, id=134, 215.30438pt x 386.19281pt>
File: fig37.jpg Graphic file (type jpg)
<use fig37.jpg>
Package pdftex.def Info: fig37.jpg  used on input line 282. on input line 282.
Package pdftex.def Info: Requested size: 113.81102pt x 204.14496pt on input lin
e 282.

Overfull \hbox (1.41669pt too wide) has occurred while \output is active
 $[]$ 
 []

[13

]
Overfull \hbox (1.41669pt too wide) has occurred while \output is active
 $[]$ 
 []

[14


 <./fig36(a).jpg>]
Overfull \hbox (1.41669pt too wide) has occurred while \output is active
 $[]$ 
 []

[15


 <./fig36(b).jpg>]
Overfull \hbox (1.41669pt too wide) has occurred while \output is active
 $[]$ 
 []

[16


 <./fig36(c).jpg>]
Overfull \hbox (1.41669pt too wide) has occurred while \output is active
 $[]$ 
 []

[17


]
Overfull \hbox (1.41669pt too wide) has occurred while \output is active
 $[]$ 
 []

[18


 <./fig37.jpg>]
<fig38.jpg, id=166, 301.8778pt x 402.00188pt>
File: fig38.jpg Graphic file (type jpg)
<use fig38.jpg>
Package pdftex.def Info: fig38.jpg  used on input line 291. on input line 291.
Package pdftex.def Info: Requested size: 113.81102pt x 151.55388pt on input lin
e 291.

Overfull \hbox (1.41669pt too wide) has occurred while \output is active
 $[]$ 
 []

[19

 <./fig38.jpg>]
<fig39.jpg, id=173, 284.56313pt x 447.92343pt>
File: fig39.jpg Graphic file (type jpg)
<use fig39.jpg>
Package pdftex.def Info: fig39.jpg  used on input line 300. on input line 300.
Package pdftex.def Info: Requested size: 113.81102pt x 179.14569pt on input lin
e 300.

Overfull \hbox (1.41669pt too wide) has occurred while \output is active
 $[]$ 
 []

[20

 <./fig39.jpg>]
<fig310.jpg, id=179, 656.4525pt x 532.99126pt>
File: fig310.jpg Graphic file (type jpg)
<use fig310.jpg>
Package pdftex.def Info: fig310.jpg  used on input line 311. on input line 311.

Package pdftex.def Info: Requested size: 227.62204pt x 184.80931pt on input lin
e 311.

Overfull \vbox (8.44731pt too high) detected at line 311
 []


Overfull \hbox (1.41669pt too wide) has occurred while \output is active
 $[]$ 
 []

[21

 <./fig310.jpg>]
<fig311.jpg, id=185, 665.48625pt x 517.18219pt>
File: fig311.jpg Graphic file (type jpg)
<use fig311.jpg>
Package pdftex.def Info: fig311.jpg  used on input line 340. on input line 340.

Package pdftex.def Info: Requested size: 170.71652pt x 132.66492pt on input lin
e 340.
<fig312.jpg, id=186, 554.07pt x 504.38437pt>
File: fig312.jpg Graphic file (type jpg)
<use fig312.jpg>
Package pdftex.def Info: fig312.jpg  used on input line 340. on input line 340.

Package pdftex.def Info: Requested size: 227.62204pt x 207.20683pt on input lin
e 340.

Overfull \hbox (1.41669pt too wide) has occurred while \output is active
 $[]$ 
 []

[22

 <./fig311.jpg>]
Overfull \hbox (1.41669pt too wide) has occurred while \output is active
 $[]$ 
 []

[23


 <./fig312.jpg>]
<fig313.jpg, id=198, 612.03656pt x 518.6878pt>
File: fig313.jpg Graphic file (type jpg)
<use fig313.jpg>
Package pdftex.def Info: fig313.jpg  used on input line 348. on input line 348.

Package pdftex.def Info: Requested size: 256.0748pt x 217.01636pt on input line
 348.

Overfull \vbox (1.9099pt too high) detected at line 348
 []


Overfull \hbox (1.41669pt too wide) has occurred while \output is active
 $[]$ 
 []

[24

 <./fig313.jpg>]
<fig314.jpg, id=204, 238.64156pt x 252.945pt>
File: fig314.jpg Graphic file (type jpg)
<use fig314.jpg>
Package pdftex.def Info: fig314.jpg  used on input line 411. on input line 411.

Package pdftex.def Info: Requested size: 128.0374pt x 135.70827pt on input line
 411.
<fig315.jpg, id=205, 392.96812pt x 260.47313pt>
File: fig315.jpg Graphic file (type jpg)
<use fig315.jpg>
Package pdftex.def Info: fig315.jpg  used on input line 411. on input line 411.

Package pdftex.def Info: Requested size: 227.62204pt x 150.87976pt on input lin
e 411.
<fig316.jpg, id=206, 398.99063pt x 255.95625pt>
File: fig316.jpg Graphic file (type jpg)
<use fig316.jpg>
Package pdftex.def Info: fig316.jpg  used on input line 411. on input line 411.

Package pdftex.def Info: Requested size: 227.62204pt x 146.02155pt on input lin
e 411.
<fig317.jpg, id=207, 344.03531pt x 256.70906pt>
File: fig317.jpg Graphic file (type jpg)
<use fig317.jpg>
Package pdftex.def Info: fig317.jpg  used on input line 411. on input line 411.

Package pdftex.def Info: Requested size: 227.62204pt x 169.8437pt on input line
 411.

Overfull \hbox (1.41669pt too wide) has occurred while \output is active
 $[]$ 
 []

[25

]
Overfull \hbox (1.41669pt too wide) has occurred while \output is active
 $[]$ 
 []

[26


]
Overfull \hbox (1.41669pt too wide) has occurred while \output is active
 $[]$ 
 []

[27


 <./fig314.jpg>]
Overfull \hbox (1.41669pt too wide) has occurred while \output is active
 $[]$ 
 []

[28


 <./fig315.jpg>]
Overfull \hbox (1.41669pt too wide) has occurred while \output is active
 $[]$ 
 []

[29


 <./fig316.jpg>]
Overfull \hbox (1.41669pt too wide) has occurred while \output is active
 $[]$ 
 []

[30


 <./fig317.jpg>]
\tf@nav=\write6
\openout6 = `Unit-II.nav'.

\tf@toc=\write7
\openout7 = `Unit-II.toc'.

\tf@snm=\write8
\openout8 = `Unit-II.snm'.

Package atveryend Info: Empty hook `BeforeClearDocument' on input line 414.
Package atveryend Info: Empty hook `AfterLastShipout' on input line 414.
 (Unit-II.aux)
Package atveryend Info: Executing hook `AtVeryEndDocument' on input line 414.
Package atveryend Info: Executing hook `AtEndAfterFileList' on input line 414.
Package rerunfilecheck Info: File `Unit-II.out' has not changed.
(rerunfilecheck)             Checksum: 828ABEFCA14EF5E760631C0EA468135D;703.
 ) 
Here is how much of TeX's memory you used:
 17575 strings out of 493312
 333839 string characters out of 3138868
 410158 words of memory out of 3000000
 20627 multiletter control sequences out of 15000+200000
 15677 words of font info for 57 fonts, out of 3000000 for 9000
 1141 hyphenation exceptions out of 8191
 56i,14n,55p,803b,486s stack positions out of 5000i,500n,10000p,200000b,50000s
<C:/Program Files/MiKTeX 2.9/fonts/type1/public/amsfonts/cm/cmss10.pfb><C:/Pr
ogram Files/MiKTeX 2.9/fonts/type1/public/amsfonts/cm/cmss12.pfb><C:/Program Fi
les/MiKTeX 2.9/fonts/type1/public/amsfonts/cm/cmss17.pfb><C:/Program Files/MiKT
eX 2.9/fonts/type1/public/amsfonts/cm/cmss8.pfb><C:/Program Files/MiKTeX 2.9/fo
nts/type1/public/amsfonts/cm/cmssi10.pfb><C:/Program Files/MiKTeX 2.9/fonts/typ
e1/public/amsfonts/cm/cmtt10.pfb><C:/Program Files/MiKTeX 2.9/fonts/type1/publi
c/amsfonts/symbols/msam10.pfb>
Output written on Unit-II.pdf (30 pages, 1022758 bytes).
PDF statistics:
 285 PDF objects out of 1000 (max. 8388607)
 77 named destinations out of 1000 (max. 500000)
 231 words of extra memory for PDF output out of 10000 (max. 10000000)

